2025-03-22 10:42:02,820 - INFO - Starting NVIDIA GPU availability checker...
Press Ctrl+C to exit

2025-03-22 10:42:05,574 - INFO - Initialized session with cookies from bestbuy.com
2025-03-22 10:42:08,699 - INFO - Found button with selector 'button.add-to-cart-button'. Text: 'SOLD OUT', State: 'SOLD_OUT', Disabled: True
2025-03-22 10:42:08,702 - INFO - Found button with selector 'button.c-button-primary'. Text: '', State: '', Disabled: False
2025-03-22 10:42:08,703 - INFO - Found button with selector '.add-to-cart-button'. Text: 'SOLD OUT', State: 'SOLD_OUT', Disabled: True
2025-03-22 10:42:08,704 - INFO - Found button with selector '.fulfillment-add-to-cart-button button'. Text: 'SOLD OUT', State: 'SOLD_OUT', Disabled: True
2025-03-22 10:42:09,109 - INFO - Found button with selector 'button.add-to-cart-button'. Text: 'SOLD OUT', State: 'SOLD_OUT', Disabled: True
2025-03-22 10:42:09,111 - INFO - Found button with selector 'button.c-button-primary'. Text: '', State: '', Disabled: False
2025-03-22 10:42:09,112 - INFO - Found button with selector '.add-to-cart-button'. Text: 'SOLD OUT', State: 'SOLD_OUT', Disabled: True
2025-03-22 10:42:09,113 - INFO - Found button with selector '.fulfillment-add-to-cart-button button'. Text: 'SOLD OUT', State: 'SOLD_OUT', Disabled: True
2025-03-22 10:42:37,976 - INFO - Found button with selector 'button.add-to-cart-button'. Text: 'SOLD OUT', State: 'SOLD_OUT', Disabled: True
2025-03-22 10:42:37,978 - INFO - Found button with selector 'button.c-button-primary'. Text: '', State: '', Disabled: False
2025-03-22 10:42:37,979 - INFO - Found button with selector '.add-to-cart-button'. Text: 'SOLD OUT', State: 'SOLD_OUT', Disabled: True
2025-03-22 10:42:37,980 - INFO - Found button with selector '.fulfillment-add-to-cart-button button'. Text: 'SOLD OUT', State: 'SOLD_OUT', Disabled: True
2025-03-22 10:42:38,544 - INFO - Found button with selector 'button.add-to-cart-button'. Text: 'SOLD OUT', State: 'SOLD_OUT', Disabled: True
2025-03-22 10:42:38,546 - INFO - Found button with selector 'button.c-button-primary'. Text: '', State: '', Disabled: False
2025-03-22 10:42:38,548 - INFO - Found button with selector '.add-to-cart-button'. Text: 'SOLD OUT', State: 'SOLD_OUT', Disabled: True
2025-03-22 10:42:38,548 - INFO - Found button with selector '.fulfillment-add-to-cart-button button'. Text: 'SOLD OUT', State: 'SOLD_OUT', Disabled: True
2025-03-22 10:43:08,308 - INFO - Found button with selector 'button.add-to-cart-button'. Text: 'SOLD OUT', State: 'SOLD_OUT', Disabled: True
2025-03-22 10:43:08,310 - INFO - Found button with selector 'button.c-button-primary'. Text: '', State: '', Disabled: False
2025-03-22 10:43:08,311 - INFO - Found button with selector '.add-to-cart-button'. Text: 'SOLD OUT', State: 'SOLD_OUT', Disabled: True
2025-03-22 10:43:08,312 - INFO - Found button with selector '.fulfillment-add-to-cart-button button'. Text: 'SOLD OUT', State: 'SOLD_OUT', Disabled: True
2025-03-22 10:43:08,969 - INFO - Found button with selector 'button.add-to-cart-button'. Text: 'SOLD OUT', State: 'SOLD_OUT', Disabled: True
2025-03-22 10:43:08,971 - INFO - Found button with selector 'button.c-button-primary'. Text: '', State: '', Disabled: False
2025-03-22 10:43:08,972 - INFO - Found button with selector '.add-to-cart-button'. Text: 'SOLD OUT', State: 'SOLD_OUT', Disabled: True
2025-03-22 10:43:08,973 - INFO - Found button with selector '.fulfillment-add-to-cart-button button'. Text: 'SOLD OUT', State: 'SOLD_OUT', Disabled: True
2025-03-22 10:43:38,804 - INFO - Found button with selector 'button.add-to-cart-button'. Text: 'SOLD OUT', State: 'SOLD_OUT', Disabled: True
2025-03-22 10:43:38,806 - INFO - Found button with selector 'button.c-button-primary'. Text: '', State: '', Disabled: False
2025-03-22 10:43:38,808 - INFO - Found button with selector '.add-to-cart-button'. Text: 'SOLD OUT', State: 'SOLD_OUT', Disabled: True
2025-03-22 10:43:38,808 - INFO - Found button with selector '.fulfillment-add-to-cart-button button'. Text: 'SOLD OUT', State: 'SOLD_OUT', Disabled: True
2025-03-22 10:43:39,264 - INFO - Found button with selector 'button.add-to-cart-button'. Text: 'SOLD OUT', State: 'SOLD_OUT', Disabled: True
2025-03-22 10:43:39,266 - INFO - Found button with selector 'button.c-button-primary'. Text: '', State: '', Disabled: False
2025-03-22 10:43:39,268 - INFO - Found button with selector '.add-to-cart-button'. Text: 'SOLD OUT', State: 'SOLD_OUT', Disabled: True
2025-03-22 10:43:39,269 - INFO - Found button with selector '.fulfillment-add-to-cart-button button'. Text: 'SOLD OUT', State: 'SOLD_OUT', Disabled: True
2025-03-22 10:44:09,277 - INFO - Found button with selector 'button.add-to-cart-button'. Text: 'SOLD OUT', State: 'SOLD_OUT', Disabled: True
2025-03-22 10:44:09,279 - INFO - Found button with selector 'button.c-button-primary'. Text: '', State: '', Disabled: False
2025-03-22 10:44:09,280 - INFO - Found button with selector '.add-to-cart-button'. Text: 'SOLD OUT', State: 'SOLD_OUT', Disabled: True
2025-03-22 10:44:09,281 - INFO - Found button with selector '.fulfillment-add-to-cart-button button'. Text: 'SOLD OUT', State: 'SOLD_OUT', Disabled: True
2025-03-22 10:44:09,333 - INFO - Found button with selector 'button.add-to-cart-button'. Text: 'SOLD OUT', State: 'SOLD_OUT', Disabled: True
2025-03-22 10:44:09,335 - INFO - Found button with selector 'button.c-button-primary'. Text: '', State: '', Disabled: False
2025-03-22 10:44:09,336 - INFO - Found button with selector '.add-to-cart-button'. Text: 'SOLD OUT', State: 'SOLD_OUT', Disabled: True
2025-03-22 10:44:09,337 - INFO - Found button with selector '.fulfillment-add-to-cart-button button'. Text: 'SOLD OUT', State: 'SOLD_OUT', Disabled: True
2025-03-22 10:44:39,180 - INFO - Found button with selector 'button.add-to-cart-button'. Text: 'SOLD OUT', State: 'SOLD_OUT', Disabled: True
2025-03-22 10:44:39,183 - INFO - Found button with selector 'button.c-button-primary'. Text: '', State: '', Disabled: False
2025-03-22 10:44:39,184 - INFO - Found button with selector '.add-to-cart-button'. Text: 'SOLD OUT', State: 'SOLD_OUT', Disabled: True
2025-03-22 10:44:39,185 - INFO - Found button with selector '.fulfillment-add-to-cart-button button'. Text: 'SOLD OUT', State: 'SOLD_OUT', Disabled: True
2025-03-22 10:44:40,177 - INFO - Found button with selector 'button.add-to-cart-button'. Text: 'SOLD OUT', State: 'SOLD_OUT', Disabled: True
2025-03-22 10:44:40,179 - INFO - Found button with selector 'button.c-button-primary'. Text: '', State: '', Disabled: False
2025-03-22 10:44:40,181 - INFO - Found button with selector '.add-to-cart-button'. Text: 'SOLD OUT', State: 'SOLD_OUT', Disabled: True
2025-03-22 10:44:40,181 - INFO - Found button with selector '.fulfillment-add-to-cart-button button'. Text: 'SOLD OUT', State: 'SOLD_OUT', Disabled: True
2025-03-22 10:45:09,333 - INFO - Found button with selector 'button.add-to-cart-button'. Text: 'SOLD OUT', State: 'SOLD_OUT', Disabled: True
2025-03-22 10:45:09,335 - INFO - Found button with selector 'button.c-button-primary'. Text: '', State: '', Disabled: False
2025-03-22 10:45:09,337 - INFO - Found button with selector '.add-to-cart-button'. Text: 'SOLD OUT', State: 'SOLD_OUT', Disabled: True
2025-03-22 10:45:09,337 - INFO - Found button with selector '.fulfillment-add-to-cart-button button'. Text: 'SOLD OUT', State: 'SOLD_OUT', Disabled: True
2025-03-22 10:45:10,047 - INFO - Found button with selector 'button.add-to-cart-button'. Text: 'SOLD OUT', State: 'SOLD_OUT', Disabled: True
2025-03-22 10:45:10,049 - INFO - Found button with selector 'button.c-button-primary'. Text: '', State: '', Disabled: False
2025-03-22 10:45:10,050 - INFO - Found button with selector '.add-to-cart-button'. Text: 'SOLD OUT', State: 'SOLD_OUT', Disabled: True
2025-03-22 10:45:10,051 - INFO - Found button with selector '.fulfillment-add-to-cart-button button'. Text: 'SOLD OUT', State: 'SOLD_OUT', Disabled: True
2025-03-22 10:45:38,881 - INFO - Found button with selector 'button.add-to-cart-button'. Text: 'SOLD OUT', State: 'SOLD_OUT', Disabled: True
2025-03-22 10:45:38,884 - INFO - Found button with selector 'button.c-button-primary'. Text: '', State: '', Disabled: False
2025-03-22 10:45:38,885 - INFO - Found button with selector '.add-to-cart-button'. Text: 'SOLD OUT', State: 'SOLD_OUT', Disabled: True
2025-03-22 10:45:38,886 - INFO - Found button with selector '.fulfillment-add-to-cart-button button'. Text: 'SOLD OUT', State: 'SOLD_OUT', Disabled: True
2025-03-22 10:45:39,062 - INFO - Found button with selector 'button.add-to-cart-button'. Text: 'SOLD OUT', State: 'SOLD_OUT', Disabled: True
2025-03-22 10:45:39,064 - INFO - Found button with selector 'button.c-button-primary'. Text: '', State: '', Disabled: False
2025-03-22 10:45:39,065 - INFO - Found button with selector '.add-to-cart-button'. Text: 'SOLD OUT', State: 'SOLD_OUT', Disabled: True
2025-03-22 10:45:39,066 - INFO - Found button with selector '.fulfillment-add-to-cart-button button'. Text: 'SOLD OUT', State: 'SOLD_OUT', Disabled: True
2025-03-22 10:46:09,422 - INFO - Found button with selector 'button.add-to-cart-button'. Text: 'SOLD OUT', State: 'SOLD_OUT', Disabled: True
2025-03-22 10:46:09,424 - INFO - Found button with selector 'button.c-button-primary'. Text: '', State: '', Disabled: False
2025-03-22 10:46:09,425 - INFO - Found button with selector '.add-to-cart-button'. Text: 'SOLD OUT', State: 'SOLD_OUT', Disabled: True
2025-03-22 10:46:09,426 - INFO - Found button with selector '.fulfillment-add-to-cart-button button'. Text: 'SOLD OUT', State: 'SOLD_OUT', Disabled: True
2025-03-22 10:46:10,900 - INFO - Found button with selector 'button.add-to-cart-button'. Text: 'SOLD OUT', State: 'SOLD_OUT', Disabled: True
2025-03-22 10:46:10,902 - INFO - Found button with selector 'button.c-button-primary'. Text: '', State: '', Disabled: False
2025-03-22 10:46:10,903 - INFO - Found button with selector '.add-to-cart-button'. Text: 'SOLD OUT', State: 'SOLD_OUT', Disabled: True
2025-03-22 10:46:10,904 - INFO - Found button with selector '.fulfillment-add-to-cart-button button'. Text: 'SOLD OUT', State: 'SOLD_OUT', Disabled: True
2025-03-22 10:46:37,981 - INFO - Found button with selector 'button.add-to-cart-button'. Text: 'SOLD OUT', State: 'SOLD_OUT', Disabled: True
2025-03-22 10:46:37,983 - INFO - Found button with selector 'button.c-button-primary'. Text: '', State: '', Disabled: False
2025-03-22 10:46:37,984 - INFO - Found button with selector '.add-to-cart-button'. Text: 'SOLD OUT', State: 'SOLD_OUT', Disabled: True
2025-03-22 10:46:37,985 - INFO - Found button with selector '.fulfillment-add-to-cart-button button'. Text: 'SOLD OUT', State: 'SOLD_OUT', Disabled: True
2025-03-22 10:46:39,014 - INFO - Found button with selector 'button.add-to-cart-button'. Text: 'SOLD OUT', State: 'SOLD_OUT', Disabled: True
2025-03-22 10:46:39,016 - INFO - Found button with selector 'button.c-button-primary'. Text: '', State: '', Disabled: False
2025-03-22 10:46:39,017 - INFO - Found button with selector '.add-to-cart-button'. Text: 'SOLD OUT', State: 'SOLD_OUT', Disabled: True
2025-03-22 10:46:39,018 - INFO - Found button with selector '.fulfillment-add-to-cart-button button'. Text: 'SOLD OUT', State: 'SOLD_OUT', Disabled: True
2025-03-22 10:47:08,512 - INFO - Found button with selector 'button.add-to-cart-button'. Text: 'SOLD OUT', State: 'SOLD_OUT', Disabled: True
2025-03-22 10:47:08,515 - INFO - Found button with selector 'button.c-button-primary'. Text: '', State: '', Disabled: False
2025-03-22 10:47:08,516 - INFO - Found button with selector '.add-to-cart-button'. Text: 'SOLD OUT', State: 'SOLD_OUT', Disabled: True
2025-03-22 10:47:08,517 - INFO - Found button with selector '.fulfillment-add-to-cart-button button'. Text: 'SOLD OUT', State: 'SOLD_OUT', Disabled: True
2025-03-22 10:47:10,821 - INFO - Found button with selector 'button.add-to-cart-button'. Text: 'SOLD OUT', State: 'SOLD_OUT', Disabled: True
2025-03-22 10:47:10,823 - INFO - Found button with selector 'button.c-button-primary'. Text: '', State: '', Disabled: False
2025-03-22 10:47:10,824 - INFO - Found button with selector '.add-to-cart-button'. Text: 'SOLD OUT', State: 'SOLD_OUT', Disabled: True
2025-03-22 10:47:10,825 - INFO - Found button with selector '.fulfillment-add-to-cart-button button'. Text: 'SOLD OUT', State: 'SOLD_OUT', Disabled: True
2025-03-22 10:47:39,289 - INFO - Found button with selector 'button.add-to-cart-button'. Text: 'SOLD OUT', State: 'SOLD_OUT', Disabled: True
2025-03-22 10:47:39,291 - INFO - Found button with selector 'button.c-button-primary'. Text: '', State: '', Disabled: False
2025-03-22 10:47:39,292 - INFO - Found button with selector '.add-to-cart-button'. Text: 'SOLD OUT', State: 'SOLD_OUT', Disabled: True
2025-03-22 10:47:39,293 - INFO - Found button with selector '.fulfillment-add-to-cart-button button'. Text: 'SOLD OUT', State: 'SOLD_OUT', Disabled: True
2025-03-22 10:47:39,800 - INFO - Found button with selector 'button.add-to-cart-button'. Text: 'SOLD OUT', State: 'SOLD_OUT', Disabled: True
2025-03-22 10:47:39,802 - INFO - Found button with selector 'button.c-button-primary'. Text: '', State: '', Disabled: False
2025-03-22 10:47:39,804 - INFO - Found button with selector '.add-to-cart-button'. Text: 'SOLD OUT', State: 'SOLD_OUT', Disabled: True
2025-03-22 10:47:39,805 - INFO - Found button with selector '.fulfillment-add-to-cart-button button'. Text: 'SOLD OUT', State: 'SOLD_OUT', Disabled: True
2025-03-22 10:48:09,442 - INFO - Found button with selector 'button.add-to-cart-button'. Text: 'SOLD OUT', State: 'SOLD_OUT', Disabled: True
2025-03-22 10:48:09,445 - INFO - Found button with selector 'button.c-button-primary'. Text: '', State: '', Disabled: False
2025-03-22 10:48:09,446 - INFO - Found button with selector '.add-to-cart-button'. Text: 'SOLD OUT', State: 'SOLD_OUT', Disabled: True
2025-03-22 10:48:09,447 - INFO - Found button with selector '.fulfillment-add-to-cart-button button'. Text: 'SOLD OUT', State: 'SOLD_OUT', Disabled: True
2025-03-22 10:48:09,578 - INFO - Found button with selector 'button.add-to-cart-button'. Text: 'SOLD OUT', State: 'SOLD_OUT', Disabled: True
2025-03-22 10:48:09,580 - INFO - Found button with selector 'button.c-button-primary'. Text: '', State: '', Disabled: False
2025-03-22 10:48:09,581 - INFO - Found button with selector '.add-to-cart-button'. Text: 'SOLD OUT', State: 'SOLD_OUT', Disabled: True
2025-03-22 10:48:09,582 - INFO - Found button with selector '.fulfillment-add-to-cart-button button'. Text: 'SOLD OUT', State: 'SOLD_OUT', Disabled: True
2025-03-22 10:49:20,664 - INFO - Starting NVIDIA GPU availability checker...
Press Ctrl+C to exit

2025-03-22 10:50:02,118 - INFO - Starting NVIDIA GPU availability checker...
Press Ctrl+C to exit

2025-03-22 10:50:11,491 - INFO - Starting NVIDIA GPU availability checker...
Press Ctrl+C to exit

2025-03-22 10:50:27,751 - INFO - Starting NVIDIA GPU availability checker...
Press Ctrl+C to exit

2025-03-22 10:51:15,041 - INFO - Starting NVIDIA GPU availability checker...
Press Ctrl+C to exit

2025-03-22 10:52:50,079 - INFO - Starting NVIDIA GPU availability checker...
Press Ctrl+C to exit

2025-03-22 10:53:12,949 - INFO - Starting NVIDIA GPU availability checker...
Press Ctrl+C to exit

2025-03-22 10:54:36,555 - INFO - Starting NVIDIA GPU availability checker...
Press Ctrl+C to exit

2025-03-22 10:55:35,734 - INFO - Starting NVIDIA GPU availability checker...
Press Ctrl+C to exit

2025-03-22 10:56:31,943 - INFO - Starting NVIDIA GPU availability checker...
Press Ctrl+C to exit

2025-03-22 10:57:16,183 - INFO - Starting NVIDIA GPU availability checker...
Press Ctrl+C to exit

2025-03-22 10:58:13,748 - INFO - Starting NVIDIA GPU availability checker...
Press Ctrl+C to exit

2025-03-22 10:58:17,398 - INFO - Initialized session with cookies from bestbuy.com
2025-03-22 10:58:19,404 - INFO - Found button with selector 'button.add-to-cart-button'. Text: 'SOLD OUT', State: 'SOLD_OUT', Disabled: True
2025-03-22 10:58:19,407 - INFO - Found button with selector 'button.c-button-primary'. Text: '', State: '', Disabled: False
2025-03-22 10:58:19,409 - INFO - Found button with selector '.add-to-cart-button'. Text: 'SOLD OUT', State: 'SOLD_OUT', Disabled: True
2025-03-22 10:58:19,409 - INFO - Found button with selector '.fulfillment-add-to-cart-button button'. Text: 'SOLD OUT', State: 'SOLD_OUT', Disabled: True
2025-03-22 10:58:21,302 - INFO - Found button with selector 'button.add-to-cart-button'. Text: 'SOLD OUT', State: 'SOLD_OUT', Disabled: True
2025-03-22 10:58:21,304 - INFO - Found button with selector 'button.c-button-primary'. Text: '', State: '', Disabled: False
2025-03-22 10:58:21,305 - INFO - Found button with selector '.add-to-cart-button'. Text: 'SOLD OUT', State: 'SOLD_OUT', Disabled: True
2025-03-22 10:58:21,306 - INFO - Found button with selector '.fulfillment-add-to-cart-button button'. Text: 'SOLD OUT', State: 'SOLD_OUT', Disabled: True
2025-03-22 10:59:15,548 - INFO - Starting NVIDIA GPU availability checker...
Press Ctrl+C to exit

2025-03-22 10:59:21,273 - INFO - Initialized session with cookies from bestbuy.com
2025-03-22 10:59:25,709 - INFO - Found button with selector 'button.add-to-cart-button'. Text: 'SOLD OUT', State: 'SOLD_OUT', Disabled: True
2025-03-22 10:59:25,712 - INFO - Found button with selector '.add-to-cart-button'. Text: 'SOLD OUT', State: 'SOLD_OUT', Disabled: True
2025-03-22 10:59:26,985 - INFO - Found button with selector 'button.add-to-cart-button'. Text: 'SOLD OUT', State: 'SOLD_OUT', Disabled: True
2025-03-22 10:59:26,988 - INFO - Found button with selector '.add-to-cart-button'. Text: 'SOLD OUT', State: 'SOLD_OUT', Disabled: True
2025-03-22 11:01:07,949 - INFO - Starting NVIDIA GPU availability checker...
Press Ctrl+C to exit

2025-03-22 11:01:10,891 - INFO - Initialized session with cookies from bestbuy.com
2025-03-22 11:01:14,186 - INFO - Found button with selector 'button.add-to-cart-button'. Text: 'SOLD OUT', State: 'SOLD_OUT', Disabled: True
2025-03-22 11:01:14,189 - INFO - Found button with selector '.add-to-cart-button'. Text: 'SOLD OUT', State: 'SOLD_OUT', Disabled: True
2025-03-22 11:01:14,498 - INFO - Found button with selector 'button.add-to-cart-button'. Text: 'SOLD OUT', State: 'SOLD_OUT', Disabled: True
2025-03-22 11:01:14,501 - INFO - Found button with selector '.add-to-cart-button'. Text: 'SOLD OUT', State: 'SOLD_OUT', Disabled: True
2025-03-22 11:01:43,468 - INFO - Found button with selector 'button.add-to-cart-button'. Text: 'SOLD OUT', State: 'SOLD_OUT', Disabled: True
2025-03-22 11:01:43,471 - INFO - Found button with selector '.add-to-cart-button'. Text: 'SOLD OUT', State: 'SOLD_OUT', Disabled: True
2025-03-22 11:01:44,007 - INFO - Found button with selector 'button.add-to-cart-button'. Text: 'SOLD OUT', State: 'SOLD_OUT', Disabled: True
2025-03-22 11:01:44,010 - INFO - Found button with selector '.add-to-cart-button'. Text: 'SOLD OUT', State: 'SOLD_OUT', Disabled: True
2025-03-22 11:02:13,757 - INFO - Found button with selector 'button.add-to-cart-button'. Text: 'SOLD OUT', State: 'SOLD_OUT', Disabled: True
2025-03-22 11:02:13,759 - INFO - Found button with selector '.add-to-cart-button'. Text: 'SOLD OUT', State: 'SOLD_OUT', Disabled: True
2025-03-22 11:02:14,748 - INFO - Found button with selector 'button.add-to-cart-button'. Text: 'SOLD OUT', State: 'SOLD_OUT', Disabled: True
2025-03-22 11:02:14,751 - INFO - Found button with selector '.add-to-cart-button'. Text: 'SOLD OUT', State: 'SOLD_OUT', Disabled: True
2025-03-22 11:02:43,969 - INFO - Found button with selector 'button.add-to-cart-button'. Text: 'SOLD OUT', State: 'SOLD_OUT', Disabled: True
2025-03-22 11:02:43,971 - INFO - Found button with selector '.add-to-cart-button'. Text: 'SOLD OUT', State: 'SOLD_OUT', Disabled: True
2025-03-22 11:02:44,491 - INFO - Found button with selector 'button.add-to-cart-button'. Text: 'SOLD OUT', State: 'SOLD_OUT', Disabled: True
2025-03-22 11:02:44,494 - INFO - Found button with selector '.add-to-cart-button'. Text: 'SOLD OUT', State: 'SOLD_OUT', Disabled: True
2025-03-22 11:03:13,787 - INFO - Found button with selector 'button.add-to-cart-button'. Text: 'SOLD OUT', State: 'SOLD_OUT', Disabled: True
2025-03-22 11:03:13,790 - INFO - Found button with selector '.add-to-cart-button'. Text: 'SOLD OUT', State: 'SOLD_OUT', Disabled: True
2025-03-22 11:03:14,977 - INFO - Found button with selector 'button.add-to-cart-button'. Text: 'SOLD OUT', State: 'SOLD_OUT', Disabled: True
2025-03-22 11:03:14,980 - INFO - Found button with selector '.add-to-cart-button'. Text: 'SOLD OUT', State: 'SOLD_OUT', Disabled: True
2025-03-22 11:33:54,400 - INFO - Starting Best Buy product availability checker...
Press Ctrl+C to exit

2025-03-22 11:33:54,400 - INFO - Tracking 2 products:
2025-03-22 11:33:54,401 - INFO -   - RTX 5090 FE: https://www.bestbuy.com/site/nvidia-geforce-rtx-5090-32gb-gddr7-graphics-card-dark-gun-metal/6614151.p?skuId=6614151
2025-03-22 11:33:54,401 - INFO -   - RTX 5080 FE: https://www.bestbuy.com/site/nvidia-geforce-rtx-5080-16gb-gddr7-graphics-card-gun-metal/6614153.p?skuId=6614153
2025-03-22 11:33:57,498 - INFO - Initialized session with cookies from bestbuy.com
2025-03-22 11:33:59,592 - INFO - Found button with selector 'button.add-to-cart-button'. Text: 'SOLD OUT', State: 'SOLD_OUT', Disabled: True
2025-03-22 11:33:59,594 - INFO - Found button with selector '.add-to-cart-button'. Text: 'SOLD OUT', State: 'SOLD_OUT', Disabled: True
2025-03-22 11:33:59,726 - INFO - Found button with selector 'button.add-to-cart-button'. Text: 'SOLD OUT', State: 'SOLD_OUT', Disabled: True
2025-03-22 11:33:59,729 - INFO - Found button with selector '.add-to-cart-button'. Text: 'SOLD OUT', State: 'SOLD_OUT', Disabled: True
2025-03-22 11:37:15,906 - INFO - Loaded 14 user agents from user_agents.json
2025-03-22 11:37:15,907 - INFO - Starting Best Buy product availability checker...
Press Ctrl+C to exit

2025-03-22 11:37:15,907 - INFO - Tracking 2 products:
2025-03-22 11:37:15,907 - INFO -   - RTX 5090 FE: https://www.bestbuy.com/site/nvidia-geforce-rtx-5090-32gb-gddr7-graphics-card-dark-gun-metal/6614151.p?skuId=6614151
2025-03-22 11:37:15,907 - INFO -   - RTX 5080 FE: https://www.bestbuy.com/site/nvidia-geforce-rtx-5080-16gb-gddr7-graphics-card-gun-metal/6614153.p?skuId=6614153
2025-03-22 11:37:18,762 - INFO - Initialized session with cookies from bestbuy.com
2025-03-22 11:37:22,025 - INFO - Found button with selector 'button.add-to-cart-button'. Text: 'SOLD OUT', State: 'SOLD_OUT', Disabled: True
2025-03-22 11:37:22,028 - INFO - Found button with selector '.add-to-cart-button'. Text: 'SOLD OUT', State: 'SOLD_OUT', Disabled: True
2025-03-22 11:37:22,365 - INFO - Found button with selector 'button.add-to-cart-button'. Text: 'SOLD OUT', State: 'SOLD_OUT', Disabled: True
2025-03-22 11:37:22,368 - INFO - Found button with selector '.add-to-cart-button'. Text: 'SOLD OUT', State: 'SOLD_OUT', Disabled: True
2025-03-22 12:03:14,869 - INFO - Loaded 14 user agents from user_agents.json
2025-03-22 12:03:14,874 - INFO - Loaded header templates from headers.json
2025-03-22 12:03:14,875 - INFO - Starting Best Buy product availability checker...
Press Ctrl+C to exit

2025-03-22 12:03:14,875 - INFO - Tracking 2 products:
2025-03-22 12:03:14,875 - INFO -   - RTX 5090 FE: https://www.bestbuy.com/site/nvidia-geforce-rtx-5090-32gb-gddr7-graphics-card-dark-gun-metal/6614151.p?skuId=6614151
2025-03-22 12:03:14,875 - INFO -   - RTX 5080 FE: https://www.bestbuy.com/site/nvidia-geforce-rtx-5080-16gb-gddr7-graphics-card-gun-metal/6614153.p?skuId=6614153
2025-03-22 12:03:18,415 - INFO - Initialized session with cookies from bestbuy.com
2025-03-22 12:03:21,011 - INFO - Found button with selector 'button.add-to-cart-button'. Text: 'SOLD OUT', State: 'SOLD_OUT', Disabled: True
2025-03-22 12:03:21,014 - INFO - Found button with selector '.add-to-cart-button'. Text: 'SOLD OUT', State: 'SOLD_OUT', Disabled: True
2025-03-22 12:03:22,353 - INFO - Found button with selector 'button.add-to-cart-button'. Text: 'SOLD OUT', State: 'SOLD_OUT', Disabled: True
2025-03-22 12:03:22,356 - INFO - Found button with selector '.add-to-cart-button'. Text: 'SOLD OUT', State: 'SOLD_OUT', Disabled: True
